  Ball.cpp
C:\Users\Utilizador\Documents\Programacao\3D\TP-P3D\TP-P3D\Ball.cpp(236,45): warning C4267: 'argument': conversion from 'size_t' to 'GLsizei', possible loss of data
C:\Users\Utilizador\Documents\Programacao\3D\TP-P3D\TP-P3D\Ball.cpp(273,31): warning C4477: 'fscanf_s' : format string '%s' requires an argument of type 'unsigned int', but variadic argument 2 has type 'size_t'
  C:\Users\Utilizador\Documents\Programacao\3D\TP-P3D\TP-P3D\Ball.cpp(273,31):
  this argument is used as a buffer size
  
C:\Users\Utilizador\Documents\Programacao\3D\TP-P3D\TP-P3D\Ball.cpp(291,22): warning C4477: 'fscanf_s' : format string '%s' requires an argument of type 'unsigned int', but variadic argument 2 has type 'size_t'
  C:\Users\Utilizador\Documents\Programacao\3D\TP-P3D\TP-P3D\Ball.cpp(291,22):
  this argument is used as a buffer size
  
MSVCRT.lib(initializers.obj) : warning LNK4098: defaultlib 'libcmt.lib' conflicts with use of other libs; use /NODEFAULTLIB:library
  Generating code
  1 of 669 functions ( 0.1%) were compiled, the rest were copied from previous compilation.
    0 functions were new in current compilation
    8 functions had inline decision re-evaluated but remain unchanged
  Finished generating code
glew32s.lib(glew.obj) : warning LNK4099: PDB '' was not found with 'glew32s.lib(glew.obj)' or at ''; linking object as if no debug info
LINK : warning LNK4286: symbol '__glewUniform3fv' defined in 'glew32s.lib(glew.obj)' is imported by 'Ball.obj'
LINK : warning LNK4286: symbol '__glewGenerateMipmap' defined in 'glew32s.lib(glew.obj)' is imported by 'Ball.obj'
LINK : warning LNK4286: symbol '__glewGenBuffers' defined in 'glew32s.lib(glew.obj)' is imported by 'Ball.obj'
LINK : warning LNK4286: symbol '__glewProgramUniformMatrix4fv' defined in 'glew32s.lib(glew.obj)' is imported by 'Ball.obj'
LINK : warning LNK4286: symbol '__glewProgramUniform1i' defined in 'glew32s.lib(glew.obj)' is imported by 'Ball.obj'
LINK : warning LNK4286: symbol '__glewGenVertexArrays' defined in 'glew32s.lib(glew.obj)' is imported by 'Ball.obj'
LINK : warning LNK4286: symbol '__glewActiveTexture' defined in 'glew32s.lib(glew.obj)' is imported by 'Ball.obj'
LINK : warning LNK4286: symbol '__glewBufferData' defined in 'glew32s.lib(glew.obj)' is imported by 'Ball.obj'
LINK : warning LNK4286: symbol '__glewGetUniformLocation' defined in 'glew32s.lib(glew.obj)' is imported by 'Ball.obj'
LINK : warning LNK4286: symbol '__glewUniform1f' defined in 'glew32s.lib(glew.obj)' is imported by 'Ball.obj'
LINK : warning LNK4286: symbol '__glewProgramUniform3fv' defined in 'glew32s.lib(glew.obj)' is imported by 'Ball.obj'
LINK : warning LNK4286: symbol '__glewUniform1i' defined in 'glew32s.lib(glew.obj)' is imported by 'Ball.obj'
LINK : warning LNK4286: symbol '__glewBindBuffer' defined in 'glew32s.lib(glew.obj)' is imported by 'Ball.obj'
LINK : warning LNK4286: symbol '__glewProgramUniform1f' defined in 'glew32s.lib(glew.obj)' is imported by 'Ball.obj'
LINK : warning LNK4286: symbol '__glewVertexAttribPointer' defined in 'glew32s.lib(glew.obj)' is imported by 'Ball.obj'
LINK : warning LNK4286: symbol '__glewBindVertexArray' defined in 'glew32s.lib(glew.obj)' is imported by 'Ball.obj'
LINK : warning LNK4286: symbol '__glewGetProgramResourceLocation' defined in 'glew32s.lib(glew.obj)' is imported by 'Ball.obj'
LINK : warning LNK4286: symbol '__glewEnableVertexAttribArray' defined in 'glew32s.lib(glew.obj)' is imported by 'Ball.obj'
LINK : warning LNK4286: symbol '__glewDeleteBuffers' defined in 'glew32s.lib(glew.obj)' is imported by 'Table.obj'
LINK : warning LNK4286: symbol '__glewUniformMatrix4fv' defined in 'glew32s.lib(glew.obj)' is imported by 'Table.obj'
LINK : warning LNK4286: symbol '__glewDeleteVertexArrays' defined in 'glew32s.lib(glew.obj)' is imported by 'Table.obj'
LINK : warning LNK4286: symbol '__glewUseProgram' defined in 'glew32s.lib(glew.obj)' is imported by 'Table.obj'
  TP-P3D.vcxproj -> C:\Users\Utilizador\Documents\Programacao\3D\TP-P3D\x64\Release\TP-P3D.exe
